[2m2022-05-26 07:28:28.840[0;39m [33m WARN[0;39m [35m20000[0;39m [2m---[0;39m [2m[l-5 housekeeper][0;39m [36mcom.zaxxer.hikari.pool.HikariPool       [0;39m [2m:[0;39m HikariPool-5 - Thread starvation or clock leap detected (housekeeper delta=6h51m12s316ms945µs800ns).
[2m2022-05-26 09:01:28.295[0;39m [32mDEBUG[0;39m [35m20000[0;39m [2m---[0;39m [2m[nio-9999-exec-7][0;39m [36mc.ssafy.vue.controller.BoardController  [0;39m [2m:[0;39m retrieveBoard - 호출
[2m2022-05-26 09:04:54.247[0;39m [32mDEBUG[0;39m [35m20000[0;39m [2m---[0;39m [2m[io-9999-exec-10][0;39m [36mc.ssafy.vue.controller.MemberController [0;39m [2m:[0;39m 로그인 토큰정보 : eyJ0eXAiOiJKV1QiLCJyZWdEYXRlIjoxNjUzNTIzNDk0MjQ2LCJhbGciOiJIUzI1NiJ9.eyJleHAiOjE2NTM1MjcwOTQsInN1YiI6ImFjY2Vzcy10b2tlbiIsInVzZXJpZCI6InNzYWZ5In0.ZXhegL7tMFAMU_Ie8AtZ4itd6kPZY0Z2QUoiRuVk8So
[2m2022-05-26 09:04:54.258[0;39m [32m INFO[0;39m [35m20000[0;39m [2m---[0;39m [2m[nio-9999-exec-2][0;39m [36mc.ssafy.vue.controller.MemberController [0;39m [2m:[0;39m 사용 가능한 토큰!!!
[2m2022-05-26 09:04:56.800[0;39m [32mDEBUG[0;39m [35m20000[0;39m [2m---[0;39m [2m[nio-9999-exec-4][0;39m [36mc.ssafy.vue.controller.BoardController  [0;39m [2m:[0;39m retrieveBoard - 호출
[2m2022-05-26 09:04:58.646[0;39m [32mDEBUG[0;39m [35m20000[0;39m [2m---[0;39m [2m[nio-9999-exec-6][0;39m [36mc.ssafy.vue.controller.BoardController  [0;39m [2m:[0;39m detailBoard - 호출
[2m2022-05-26 09:05:00.479[0;39m [32mDEBUG[0;39m [35m20000[0;39m [2m---[0;39m [2m[nio-9999-exec-5][0;39m [36mc.ssafy.vue.controller.BoardController  [0;39m [2m:[0;39m retrieveBoard - 호출
[2m2022-05-26 09:06:12.928[0;39m [32mDEBUG[0;39m [35m20000[0;39m [2m---[0;39m [2m[nio-9999-exec-9][0;39m [36mc.ssafy.vue.controller.BoardController  [0;39m [2m:[0;39m writeBoard - 호출
[2m2022-05-26 09:06:12.928[0;39m [32mDEBUG[0;39m [35m20000[0;39m [2m---[0;39m [2m[nio-9999-exec-9][0;39m [36mc.ssafy.vue.controller.BoardController  [0;39m [2m:[0;39m token : eyJ0eXAiOiJKV1QiLCJyZWdEYXRlIjoxNjUzNTIzNDk0MjQ2LCJhbGciOiJIUzI1NiJ9.eyJleHAiOjE2NTM1MjcwOTQsInN1YiI6ImFjY2Vzcy10b2tlbiIsInVzZXJpZCI6InNzYWZ5In0.ZXhegL7tMFAMU_Ie8AtZ4itd6kPZY0Z2QUoiRuVk8So
[2m2022-05-26 09:06:12.928[0;39m [32mDEBUG[0;39m [35m20000[0;39m [2m---[0;39m [2m[nio-9999-exec-9][0;39m [36mc.ssafy.vue.controller.BoardController  [0;39m [2m:[0;39m userid : ssafy
[2m2022-05-26 09:06:14.043[0;39m [32mDEBUG[0;39m [35m20000[0;39m [2m---[0;39m [2m[io-9999-exec-10][0;39m [36mc.ssafy.vue.controller.BoardController  [0;39m [2m:[0;39m retrieveBoard - 호출
[2m2022-05-26 09:06:16.175[0;39m [32mDEBUG[0;39m [35m20000[0;39m [2m---[0;39m [2m[nio-9999-exec-2][0;39m [36mc.ssafy.vue.controller.BoardController  [0;39m [2m:[0;39m detailBoard - 호출
[2m2022-05-26 09:06:16.831[0;39m [32mDEBUG[0;39m [35m20000[0;39m [2m---[0;39m [2m[nio-9999-exec-4][0;39m [36mc.ssafy.vue.controller.BoardController  [0;39m [2m:[0;39m retrieveBoard - 호출
[2m2022-05-26 09:06:17.321[0;39m [32mDEBUG[0;39m [35m20000[0;39m [2m---[0;39m [2m[nio-9999-exec-3][0;39m [36mc.ssafy.vue.controller.BoardController  [0;39m [2m:[0;39m detailBoard - 호출
[2m2022-05-26 09:06:17.943[0;39m [32mDEBUG[0;39m [35m20000[0;39m [2m---[0;39m [2m[nio-9999-exec-6][0;39m [36mc.ssafy.vue.controller.BoardController  [0;39m [2m:[0;39m retrieveBoard - 호출
[2m2022-05-26 09:06:18.861[0;39m [32mDEBUG[0;39m [35m20000[0;39m [2m---[0;39m [2m[nio-9999-exec-5][0;39m [36mc.ssafy.vue.controller.BoardController  [0;39m [2m:[0;39m detailBoard - 호출
[2m2022-05-26 09:06:19.396[0;39m [32mDEBUG[0;39m [35m20000[0;39m [2m---[0;39m [2m[nio-9999-exec-7][0;39m [36mc.ssafy.vue.controller.BoardController  [0;39m [2m:[0;39m retrieveBoard - 호출
[2m2022-05-26 09:06:30.616[0;39m [32mDEBUG[0;39m [35m20000[0;39m [2m---[0;39m [2m[nio-9999-exec-8][0;39m [36mc.ssafy.vue.controller.MemberController [0;39m [2m:[0;39m 로그인 토큰정보 : eyJ0eXAiOiJKV1QiLCJyZWdEYXRlIjoxNjUzNTIzNTkwNjE2LCJhbGciOiJIUzI1NiJ9.eyJleHAiOjE2NTM1MjcxOTAsInN1YiI6ImFjY2Vzcy10b2tlbiIsInVzZXJpZCI6InlvbmdqdW50ZWFjaGVyIn0.HIzZAHyRWm7_BnzhW6aJIar1Kt_KA8yH4qfE05ps434
[2m2022-05-26 09:06:30.627[0;39m [32m INFO[0;39m [35m20000[0;39m [2m---[0;39m [2m[io-9999-exec-10][0;39m [36mc.ssafy.vue.controller.MemberController [0;39m [2m:[0;39m 사용 가능한 토큰!!!
[2m2022-05-26 09:06:31.655[0;39m [32mDEBUG[0;39m [35m20000[0;39m [2m---[0;39m [2m[nio-9999-exec-1][0;39m [36mc.ssafy.vue.controller.BoardController  [0;39m [2m:[0;39m retrieveBoard - 호출
[2m2022-05-26 09:08:25.776[0;39m [32mDEBUG[0;39m [35m20000[0;39m [2m---[0;39m [2m[nio-9999-exec-4][0;39m [36mc.ssafy.vue.controller.BoardController  [0;39m [2m:[0;39m retrieveBoard - 호출
[2m2022-05-26 09:08:44.850[0;39m [32mDEBUG[0;39m [35m20000[0;39m [2m---[0;39m [2m[nio-9999-exec-3][0;39m [36mc.ssafy.vue.controller.BoardController  [0;39m [2m:[0;39m retrieveBoard - 호출
[2m2022-05-26 09:08:50.739[0;39m [32mDEBUG[0;39m [35m20000[0;39m [2m---[0;39m [2m[nio-9999-exec-6][0;39m [36mc.ssafy.vue.controller.BoardController  [0;39m [2m:[0;39m detailBoard - 호출
[2m2022-05-26 09:08:57.054[0;39m [32mDEBUG[0;39m [35m20000[0;39m [2m---[0;39m [2m[nio-9999-exec-7][0;39m [36mc.ssafy.vue.controller.BoardController  [0;39m [2m:[0;39m likeBoard - 호출
[2m2022-05-26 09:08:57.054[0;39m [32mDEBUG[0;39m [35m20000[0;39m [2m---[0;39m [2m[nio-9999-exec-7][0;39m [36mc.ssafy.vue.controller.BoardController  [0;39m [2m:[0;39m token : eyJ0eXAiOiJKV1QiLCJyZWdEYXRlIjoxNjUzNTIzNTkwNjE2LCJhbGciOiJIUzI1NiJ9.eyJleHAiOjE2NTM1MjcxOTAsInN1YiI6ImFjY2Vzcy10b2tlbiIsInVzZXJpZCI6InlvbmdqdW50ZWFjaGVyIn0.HIzZAHyRWm7_BnzhW6aJIar1Kt_KA8yH4qfE05ps434
[2m2022-05-26 09:08:57.054[0;39m [32mDEBUG[0;39m [35m20000[0;39m [2m---[0;39m [2m[nio-9999-exec-7][0;39m [36mc.ssafy.vue.controller.BoardController  [0;39m [2m:[0;39m userId : yongjunteacher
[2m2022-05-26 09:08:59.659[0;39m [32mDEBUG[0;39m [35m20000[0;39m [2m---[0;39m [2m[nio-9999-exec-8][0;39m [36mc.ssafy.vue.controller.BoardController  [0;39m [2m:[0;39m detailBoard - 호출
[2m2022-05-26 09:09:03.984[0;39m [32mDEBUG[0;39m [35m20000[0;39m [2m---[0;39m [2m[nio-9999-exec-9][0;39m [36mc.ssafy.vue.controller.BoardController  [0;39m [2m:[0;39m likeBoard - 호출
[2m2022-05-26 09:09:03.984[0;39m [32mDEBUG[0;39m [35m20000[0;39m [2m---[0;39m [2m[nio-9999-exec-9][0;39m [36mc.ssafy.vue.controller.BoardController  [0;39m [2m:[0;39m token : eyJ0eXAiOiJKV1QiLCJyZWdEYXRlIjoxNjUzNTIzNTkwNjE2LCJhbGciOiJIUzI1NiJ9.eyJleHAiOjE2NTM1MjcxOTAsInN1YiI6ImFjY2Vzcy10b2tlbiIsInVzZXJpZCI6InlvbmdqdW50ZWFjaGVyIn0.HIzZAHyRWm7_BnzhW6aJIar1Kt_KA8yH4qfE05ps434
[2m2022-05-26 09:09:03.984[0;39m [32mDEBUG[0;39m [35m20000[0;39m [2m---[0;39m [2m[nio-9999-exec-9][0;39m [36mc.ssafy.vue.controller.BoardController  [0;39m [2m:[0;39m userId : yongjunteacher
[2m2022-05-26 09:09:20.973[0;39m [32mDEBUG[0;39m [35m20000[0;39m [2m---[0;39m [2m[io-9999-exec-10][0;39m [36mc.ssafy.vue.controller.MemberController [0;39m [2m:[0;39m 로그인 토큰정보 : eyJ0eXAiOiJKV1QiLCJyZWdEYXRlIjoxNjUzNTIzNzYwOTczLCJhbGciOiJIUzI1NiJ9.eyJleHAiOjE2NTM1MjczNjAsInN1YiI6ImFjY2Vzcy10b2tlbiIsInVzZXJpZCI6InNzYWZ5In0.qW7IELSSOFAcuXKLZmKMOhAcfgngNBQAlq89ScdYKCk
[2m2022-05-26 09:09:20.981[0;39m [32m INFO[0;39m [35m20000[0;39m [2m---[0;39m [2m[nio-9999-exec-1][0;39m [36mc.ssafy.vue.controller.MemberController [0;39m [2m:[0;39m 사용 가능한 토큰!!!
[2m2022-05-26 09:09:23.014[0;39m [32mDEBUG[0;39m [35m20000[0;39m [2m---[0;39m [2m[nio-9999-exec-2][0;39m [36mc.ssafy.vue.controller.BoardController  [0;39m [2m:[0;39m retrieveBoard - 호출
[2m2022-05-26 09:09:31.593[0;39m [32mDEBUG[0;39m [35m20000[0;39m [2m---[0;39m [2m[nio-9999-exec-4][0;39m [36mc.ssafy.vue.controller.BoardController  [0;39m [2m:[0;39m detailBoard - 호출
[2m2022-05-26 09:09:38.169[0;39m [32mDEBUG[0;39m [35m20000[0;39m [2m---[0;39m [2m[nio-9999-exec-3][0;39m [36mc.ssafy.vue.controller.BoardController  [0;39m [2m:[0;39m deleteBoard - 호출
[2m2022-05-26 09:09:38.170[0;39m [32mDEBUG[0;39m [35m20000[0;39m [2m---[0;39m [2m[nio-9999-exec-3][0;39m [36mc.ssafy.vue.controller.BoardController  [0;39m [2m:[0;39m token : eyJ0eXAiOiJKV1QiLCJyZWdEYXRlIjoxNjUzNTIzNzYwOTczLCJhbGciOiJIUzI1NiJ9.eyJleHAiOjE2NTM1MjczNjAsInN1YiI6ImFjY2Vzcy10b2tlbiIsInVzZXJpZCI6InNzYWZ5In0.qW7IELSSOFAcuXKLZmKMOhAcfgngNBQAlq89ScdYKCk
[2m2022-05-26 09:09:38.170[0;39m [32mDEBUG[0;39m [35m20000[0;39m [2m---[0;39m [2m[nio-9999-exec-3][0;39m [36mc.ssafy.vue.controller.BoardController  [0;39m [2m:[0;39m userId : ssafy
[2m2022-05-26 09:09:38.186[0;39m [32mDEBUG[0;39m [35m20000[0;39m [2m---[0;39m [2m[nio-9999-exec-6][0;39m [36mc.ssafy.vue.controller.BoardController  [0;39m [2m:[0;39m retrieveBoard - 호출
[2m2022-05-26 09:10:06.008[0;39m [32mDEBUG[0;39m [35m20000[0;39m [2m---[0;39m [2m[nio-9999-exec-5][0;39m [36mc.ssafy.vue.controller.BoardController  [0;39m [2m:[0;39m writeBoard - 호출
[2m2022-05-26 09:10:06.009[0;39m [32mDEBUG[0;39m [35m20000[0;39m [2m---[0;39m [2m[nio-9999-exec-5][0;39m [36mc.ssafy.vue.controller.BoardController  [0;39m [2m:[0;39m token : eyJ0eXAiOiJKV1QiLCJyZWdEYXRlIjoxNjUzNTIzNzYwOTczLCJhbGciOiJIUzI1NiJ9.eyJleHAiOjE2NTM1MjczNjAsInN1YiI6ImFjY2Vzcy10b2tlbiIsInVzZXJpZCI6InNzYWZ5In0.qW7IELSSOFAcuXKLZmKMOhAcfgngNBQAlq89ScdYKCk
[2m2022-05-26 09:10:06.009[0;39m [32mDEBUG[0;39m [35m20000[0;39m [2m---[0;39m [2m[nio-9999-exec-5][0;39m [36mc.ssafy.vue.controller.BoardController  [0;39m [2m:[0;39m userid : ssafy
[2m2022-05-26 09:10:07.015[0;39m [32mDEBUG[0;39m [35m20000[0;39m [2m---[0;39m [2m[nio-9999-exec-7][0;39m [36mc.ssafy.vue.controller.BoardController  [0;39m [2m:[0;39m retrieveBoard - 호출
[2m2022-05-26 09:10:10.067[0;39m [32mDEBUG[0;39m [35m20000[0;39m [2m---[0;39m [2m[nio-9999-exec-8][0;39m [36mc.ssafy.vue.controller.MemberController [0;39m [2m:[0;39m 로그인 토큰정보 : eyJ0eXAiOiJKV1QiLCJyZWdEYXRlIjoxNjUzNTIzODEwMDY3LCJhbGciOiJIUzI1NiJ9.eyJleHAiOjE2NTM1Mjc0MTAsInN1YiI6ImFjY2Vzcy10b2tlbiIsInVzZXJpZCI6InlvbmdqdW50ZWFjaGVyIn0.PhjUZQfBmxGtz4AfWSf0oY6QosxQlz3ou60sM8tyvzc
[2m2022-05-26 09:10:10.073[0;39m [32m INFO[0;39m [35m20000[0;39m [2m---[0;39m [2m[nio-9999-exec-9][0;39m [36mc.ssafy.vue.controller.MemberController [0;39m [2m:[0;39m 사용 가능한 토큰!!!
[2m2022-05-26 09:10:10.882[0;39m [32mDEBUG[0;39m [35m20000[0;39m [2m---[0;39m [2m[io-9999-exec-10][0;39m [36mc.ssafy.vue.controller.BoardController  [0;39m [2m:[0;39m retrieveBoard - 호출
[2m2022-05-26 09:11:17.166[0;39m [32mDEBUG[0;39m [35m20000[0;39m [2m---[0;39m [2m[nio-9999-exec-2][0;39m [36mc.ssafy.vue.controller.BoardController  [0;39m [2m:[0;39m retrieveBoard - 호출
[2m2022-05-26 09:11:22.956[0;39m [32mDEBUG[0;39m [35m20000[0;39m [2m---[0;39m [2m[nio-9999-exec-3][0;39m [36mc.ssafy.vue.controller.BoardController  [0;39m [2m:[0;39m detailBoard - 호출
[2m2022-05-26 09:11:30.246[0;39m [32mDEBUG[0;39m [35m20000[0;39m [2m---[0;39m [2m[nio-9999-exec-5][0;39m [36mc.ssafy.vue.controller.BoardController  [0;39m [2m:[0;39m likeBoard - 호출
[2m2022-05-26 09:11:30.246[0;39m [32mDEBUG[0;39m [35m20000[0;39m [2m---[0;39m [2m[nio-9999-exec-5][0;39m [36mc.ssafy.vue.controller.BoardController  [0;39m [2m:[0;39m token : eyJ0eXAiOiJKV1QiLCJyZWdEYXRlIjoxNjUzNTIzODEwMDY3LCJhbGciOiJIUzI1NiJ9.eyJleHAiOjE2NTM1Mjc0MTAsInN1YiI6ImFjY2Vzcy10b2tlbiIsInVzZXJpZCI6InlvbmdqdW50ZWFjaGVyIn0.PhjUZQfBmxGtz4AfWSf0oY6QosxQlz3ou60sM8tyvzc
[2m2022-05-26 09:11:30.246[0;39m [32mDEBUG[0;39m [35m20000[0;39m [2m---[0;39m [2m[nio-9999-exec-5][0;39m [36mc.ssafy.vue.controller.BoardController  [0;39m [2m:[0;39m userId : yongjunteacher
[2m2022-05-26 09:11:40.743[0;39m [32mDEBUG[0;39m [35m20000[0;39m [2m---[0;39m [2m[nio-9999-exec-7][0;39m [36mc.ssafy.vue.controller.MemberController [0;39m [2m:[0;39m 로그인 토큰정보 : eyJ0eXAiOiJKV1QiLCJyZWdEYXRlIjoxNjUzNTIzOTAwNzQzLCJhbGciOiJIUzI1NiJ9.eyJleHAiOjE2NTM1Mjc1MDAsInN1YiI6ImFjY2Vzcy10b2tlbiIsInVzZXJpZCI6InNzYWZ5In0.HcCO1YiMwMLReEOaMSY8Ouv48FnpE6uNKAW_PMk0P1Q
[2m2022-05-26 09:11:40.749[0;39m [32m INFO[0;39m [35m20000[0;39m [2m---[0;39m [2m[nio-9999-exec-8][0;39m [36mc.ssafy.vue.controller.MemberController [0;39m [2m:[0;39m 사용 가능한 토큰!!!
[2m2022-05-26 09:11:42.373[0;39m [32mDEBUG[0;39m [35m20000[0;39m [2m---[0;39m [2m[nio-9999-exec-9][0;39m [36mc.ssafy.vue.controller.BoardController  [0;39m [2m:[0;39m retrieveBoard - 호출
[2m2022-05-26 09:11:43.225[0;39m [32mDEBUG[0;39m [35m20000[0;39m [2m---[0;39m [2m[io-9999-exec-10][0;39m [36mc.ssafy.vue.controller.BoardController  [0;39m [2m:[0;39m detailBoard - 호출
[2m2022-05-26 09:11:44.806[0;39m [32mDEBUG[0;39m [35m20000[0;39m [2m---[0;39m [2m[nio-9999-exec-1][0;39m [36mc.ssafy.vue.controller.BoardController  [0;39m [2m:[0;39m deleteBoard - 호출
[2m2022-05-26 09:11:44.806[0;39m [32mDEBUG[0;39m [35m20000[0;39m [2m---[0;39m [2m[nio-9999-exec-1][0;39m [36mc.ssafy.vue.controller.BoardController  [0;39m [2m:[0;39m token : eyJ0eXAiOiJKV1QiLCJyZWdEYXRlIjoxNjUzNTIzOTAwNzQzLCJhbGciOiJIUzI1NiJ9.eyJleHAiOjE2NTM1Mjc1MDAsInN1YiI6ImFjY2Vzcy10b2tlbiIsInVzZXJpZCI6InNzYWZ5In0.HcCO1YiMwMLReEOaMSY8Ouv48FnpE6uNKAW_PMk0P1Q
[2m2022-05-26 09:11:44.807[0;39m [32mDEBUG[0;39m [35m20000[0;39m [2m---[0;39m [2m[nio-9999-exec-1][0;39m [36mc.ssafy.vue.controller.BoardController  [0;39m [2m:[0;39m userId : ssafy
[2m2022-05-26 09:11:44.818[0;39m [32mDEBUG[0;39m [35m20000[0;39m [2m---[0;39m [2m[nio-9999-exec-2][0;39m [36mc.ssafy.vue.controller.BoardController  [0;39m [2m:[0;39m retrieveBoard - 호출
[2m2022-05-26 09:12:23.072[0;39m [32mDEBUG[0;39m [35m20000[0;39m [2m---[0;39m [2m[nio-9999-exec-4][0;39m [36mc.ssafy.vue.controller.BoardController  [0;39m [2m:[0;39m writeBoard - 호출
[2m2022-05-26 09:12:23.072[0;39m [32mDEBUG[0;39m [35m20000[0;39m [2m---[0;39m [2m[nio-9999-exec-4][0;39m [36mc.ssafy.vue.controller.BoardController  [0;39m [2m:[0;39m token : eyJ0eXAiOiJKV1QiLCJyZWdEYXRlIjoxNjUzNTIzOTAwNzQzLCJhbGciOiJIUzI1NiJ9.eyJleHAiOjE2NTM1Mjc1MDAsInN1YiI6ImFjY2Vzcy10b2tlbiIsInVzZXJpZCI6InNzYWZ5In0.HcCO1YiMwMLReEOaMSY8Ouv48FnpE6uNKAW_PMk0P1Q
[2m2022-05-26 09:12:23.073[0;39m [32mDEBUG[0;39m [35m20000[0;39m [2m---[0;39m [2m[nio-9999-exec-4][0;39m [36mc.ssafy.vue.controller.BoardController  [0;39m [2m:[0;39m userid : ssafy
[2m2022-05-26 09:12:24.071[0;39m [32mDEBUG[0;39m [35m20000[0;39m [2m---[0;39m [2m[nio-9999-exec-3][0;39m [36mc.ssafy.vue.controller.BoardController  [0;39m [2m:[0;39m retrieveBoard - 호출
[2m2022-05-26 09:12:27.709[0;39m [32mDEBUG[0;39m [35m20000[0;39m [2m---[0;39m [2m[nio-9999-exec-6][0;39m [36mc.ssafy.vue.controller.MemberController [0;39m [2m:[0;39m 로그인 토큰정보 : eyJ0eXAiOiJKV1QiLCJyZWdEYXRlIjoxNjUzNTIzOTQ3NzA5LCJhbGciOiJIUzI1NiJ9.eyJleHAiOjE2NTM1Mjc1NDcsInN1YiI6ImFjY2Vzcy10b2tlbiIsInVzZXJpZCI6InlvbmdqdW50ZWFjaGVyIn0.qXFWmukAi2CPSA8CHf1nlidBIz35kWrz0tjFtyUaCKw
[2m2022-05-26 09:12:27.717[0;39m [32m INFO[0;39m [35m20000[0;39m [2m---[0;39m [2m[nio-9999-exec-5][0;39m [36mc.ssafy.vue.controller.MemberController [0;39m [2m:[0;39m 사용 가능한 토큰!!!
[2m2022-05-26 09:12:42.406[0;39m [32mDEBUG[0;39m [35m20000[0;39m [2m---[0;39m [2m[nio-9999-exec-7][0;39m [36mc.ssafy.vue.controller.BoardController  [0;39m [2m:[0;39m retrieveBoard - 호출
[2m2022-05-26 09:12:47.520[0;39m [32mDEBUG[0;39m [35m20000[0;39m [2m---[0;39m [2m[nio-9999-exec-9][0;39m [36mc.ssafy.vue.controller.BoardController  [0;39m [2m:[0;39m detailBoard - 호출
[2m2022-05-26 09:12:55.363[0;39m [32mDEBUG[0;39m [35m20000[0;39m [2m---[0;39m [2m[nio-9999-exec-1][0;39m [36mc.ssafy.vue.controller.BoardController  [0;39m [2m:[0;39m likeBoard - 호출
[2m2022-05-26 09:12:55.363[0;39m [32mDEBUG[0;39m [35m20000[0;39m [2m---[0;39m [2m[nio-9999-exec-1][0;39m [36mc.ssafy.vue.controller.BoardController  [0;39m [2m:[0;39m token : eyJ0eXAiOiJKV1QiLCJyZWdEYXRlIjoxNjUzNTIzOTQ3NzA5LCJhbGciOiJIUzI1NiJ9.eyJleHAiOjE2NTM1Mjc1NDcsInN1YiI6ImFjY2Vzcy10b2tlbiIsInVzZXJpZCI6InlvbmdqdW50ZWFjaGVyIn0.qXFWmukAi2CPSA8CHf1nlidBIz35kWrz0tjFtyUaCKw
[2m2022-05-26 09:12:55.363[0;39m [32mDEBUG[0;39m [35m20000[0;39m [2m---[0;39m [2m[nio-9999-exec-1][0;39m [36mc.ssafy.vue.controller.BoardController  [0;39m [2m:[0;39m userId : yongjunteacher
[2m2022-05-26 09:12:58.296[0;39m [32mDEBUG[0;39m [35m20000[0;39m [2m---[0;39m [2m[nio-9999-exec-2][0;39m [36mc.ssafy.vue.controller.BoardController  [0;39m [2m:[0;39m detailBoard - 호출
[2m2022-05-26 09:13:17.499[0;39m [32mDEBUG[0;39m [35m20000[0;39m [2m---[0;39m [2m[nio-9999-exec-4][0;39m [36mc.ssafy.vue.controller.BoardController  [0;39m [2m:[0;39m deleteBoard - 호출
[2m2022-05-26 09:13:17.499[0;39m [32mDEBUG[0;39m [35m20000[0;39m [2m---[0;39m [2m[nio-9999-exec-4][0;39m [36mc.ssafy.vue.controller.BoardController  [0;39m [2m:[0;39m token : eyJ0eXAiOiJKV1QiLCJyZWdEYXRlIjoxNjUzNTIzOTQ3NzA5LCJhbGciOiJIUzI1NiJ9.eyJleHAiOjE2NTM1Mjc1NDcsInN1YiI6ImFjY2Vzcy10b2tlbiIsInVzZXJpZCI6InlvbmdqdW50ZWFjaGVyIn0.qXFWmukAi2CPSA8CHf1nlidBIz35kWrz0tjFtyUaCKw
[2m2022-05-26 09:13:17.500[0;39m [32mDEBUG[0;39m [35m20000[0;39m [2m---[0;39m [2m[nio-9999-exec-4][0;39m [36mc.ssafy.vue.controller.BoardController  [0;39m [2m:[0;39m userId : yongjunteacher
[2m2022-05-26 09:13:17.538[0;39m [32mDEBUG[0;39m [35m20000[0;39m [2m---[0;39m [2m[nio-9999-exec-3][0;39m [36mc.ssafy.vue.controller.BoardController  [0;39m [2m:[0;39m retrieveBoard - 호출
[2m2022-05-26 09:13:19.574[0;39m [32mDEBUG[0;39m [35m20000[0;39m [2m---[0;39m [2m[nio-9999-exec-6][0;39m [36mc.ssafy.vue.controller.BoardController  [0;39m [2m:[0;39m detailBoard - 호출
[2m2022-05-26 09:13:20.543[0;39m [32mDEBUG[0;39m [35m20000[0;39m [2m---[0;39m [2m[nio-9999-exec-5][0;39m [36mc.ssafy.vue.controller.BoardController  [0;39m [2m:[0;39m retrieveBoard - 호출
[2m2022-05-26 09:13:39.489[0;39m [32mDEBUG[0;39m [35m20000[0;39m [2m---[0;39m [2m[nio-9999-exec-7][0;39m [36mc.ssafy.vue.controller.BoardController  [0;39m [2m:[0;39m writeBoard - 호출
[2m2022-05-26 09:13:39.489[0;39m [32mDEBUG[0;39m [35m20000[0;39m [2m---[0;39m [2m[nio-9999-exec-7][0;39m [36mc.ssafy.vue.controller.BoardController  [0;39m [2m:[0;39m token : eyJ0eXAiOiJKV1QiLCJyZWdEYXRlIjoxNjUzNTIzOTQ3NzA5LCJhbGciOiJIUzI1NiJ9.eyJleHAiOjE2NTM1Mjc1NDcsInN1YiI6ImFjY2Vzcy10b2tlbiIsInVzZXJpZCI6InlvbmdqdW50ZWFjaGVyIn0.qXFWmukAi2CPSA8CHf1nlidBIz35kWrz0tjFtyUaCKw
[2m2022-05-26 09:13:39.489[0;39m [32mDEBUG[0;39m [35m20000[0;39m [2m---[0;39m [2m[nio-9999-exec-7][0;39m [36mc.ssafy.vue.controller.BoardController  [0;39m [2m:[0;39m userid : yongjunteacher
[2m2022-05-26 09:13:40.511[0;39m [32mDEBUG[0;39m [35m20000[0;39m [2m---[0;39m [2m[nio-9999-exec-8][0;39m [36mc.ssafy.vue.controller.BoardController  [0;39m [2m:[0;39m retrieveBoard - 호출
[2m2022-05-26 09:13:42.394[0;39m [32mDEBUG[0;39m [35m20000[0;39m [2m---[0;39m [2m[io-9999-exec-10][0;39m [36mc.ssafy.vue.controller.BoardController  [0;39m [2m:[0;39m detailBoard - 호출
[2m2022-05-26 09:13:52.526[0;39m [32mDEBUG[0;39m [35m20000[0;39m [2m---[0;39m [2m[nio-9999-exec-1][0;39m [36mc.ssafy.vue.controller.BoardController  [0;39m [2m:[0;39m deleteBoard - 호출
[2m2022-05-26 09:13:52.526[0;39m [32mDEBUG[0;39m [35m20000[0;39m [2m---[0;39m [2m[nio-9999-exec-1][0;39m [36mc.ssafy.vue.controller.BoardController  [0;39m [2m:[0;39m token : eyJ0eXAiOiJKV1QiLCJyZWdEYXRlIjoxNjUzNTIzOTQ3NzA5LCJhbGciOiJIUzI1NiJ9.eyJleHAiOjE2NTM1Mjc1NDcsInN1YiI6ImFjY2Vzcy10b2tlbiIsInVzZXJpZCI6InlvbmdqdW50ZWFjaGVyIn0.qXFWmukAi2CPSA8CHf1nlidBIz35kWrz0tjFtyUaCKw
[2m2022-05-26 09:13:52.526[0;39m [32mDEBUG[0;39m [35m20000[0;39m [2m---[0;39m [2m[nio-9999-exec-1][0;39m [36mc.ssafy.vue.controller.BoardController  [0;39m [2m:[0;39m userId : yongjunteacher
[2m2022-05-26 09:13:52.545[0;39m [32mDEBUG[0;39m [35m20000[0;39m [2m---[0;39m [2m[nio-9999-exec-2][0;39m [36mc.ssafy.vue.controller.BoardController  [0;39m [2m:[0;39m retrieveBoard - 호출
[2m2022-05-26 09:14:21.397[0;39m [32mDEBUG[0;39m [35m20000[0;39m [2m---[0;39m [2m[nio-9999-exec-4][0;39m [36mc.ssafy.vue.controller.BoardController  [0;39m [2m:[0;39m retrieveBoard - 호출
[2m2022-05-26 09:14:54.212[0;39m [32mDEBUG[0;39m [35m20000[0;39m [2m---[0;39m [2m[nio-9999-exec-3][0;39m [36mc.ssafy.vue.controller.MemberController [0;39m [2m:[0;39m 로그인 토큰정보 : eyJ0eXAiOiJKV1QiLCJyZWdEYXRlIjoxNjUzNTI0MDk0MjEyLCJhbGciOiJIUzI1NiJ9.eyJleHAiOjE2NTM1Mjc2OTQsInN1YiI6ImFjY2Vzcy10b2tlbiIsInVzZXJpZCI6InNzYWZ5In0.PVDdq5D3s3ZrESxwL2CNunINhJVi4kwHXvjthwSNjNU
[2m2022-05-26 09:14:54.222[0;39m [32m INFO[0;39m [35m20000[0;39m [2m---[0;39m [2m[nio-9999-exec-6][0;39m [36mc.ssafy.vue.controller.MemberController [0;39m [2m:[0;39m 사용 가능한 토큰!!!
[2m2022-05-26 09:14:56.070[0;39m [32mDEBUG[0;39m [35m20000[0;39m [2m---[0;39m [2m[nio-9999-exec-5][0;39m [36mc.ssafy.vue.controller.BoardController  [0;39m [2m:[0;39m retrieveBoard - 호출
[2m2022-05-26 09:14:57.004[0;39m [32mDEBUG[0;39m [35m20000[0;39m [2m---[0;39m [2m[nio-9999-exec-7][0;39m [36mc.ssafy.vue.controller.BoardController  [0;39m [2m:[0;39m detailBoard - 호출
[2m2022-05-26 09:14:58.344[0;39m [32mDEBUG[0;39m [35m20000[0;39m [2m---[0;39m [2m[nio-9999-exec-8][0;39m [36mc.ssafy.vue.controller.BoardController  [0;39m [2m:[0;39m deleteBoard - 호출
[2m2022-05-26 09:14:58.344[0;39m [32mDEBUG[0;39m [35m20000[0;39m [2m---[0;39m [2m[nio-9999-exec-8][0;39m [36mc.ssafy.vue.controller.BoardController  [0;39m [2m:[0;39m token : eyJ0eXAiOiJKV1QiLCJyZWdEYXRlIjoxNjUzNTI0MDk0MjEyLCJhbGciOiJIUzI1NiJ9.eyJleHAiOjE2NTM1Mjc2OTQsInN1YiI6ImFjY2Vzcy10b2tlbiIsInVzZXJpZCI6InNzYWZ5In0.PVDdq5D3s3ZrESxwL2CNunINhJVi4kwHXvjthwSNjNU
[2m2022-05-26 09:14:58.344[0;39m [32mDEBUG[0;39m [35m20000[0;39m [2m---[0;39m [2m[nio-9999-exec-8][0;39m [36mc.ssafy.vue.controller.BoardController  [0;39m [2m:[0;39m userId : ssafy
[2m2022-05-26 09:14:58.361[0;39m [32mDEBUG[0;39m [35m20000[0;39m [2m---[0;39m [2m[nio-9999-exec-9][0;39m [36mc.ssafy.vue.controller.BoardController  [0;39m [2m:[0;39m retrieveBoard - 호출
[2m2022-05-26 09:15:21.891[0;39m [32mDEBUG[0;39m [35m20000[0;39m [2m---[0;39m [2m[io-9999-exec-10][0;39m [36mc.ssafy.vue.controller.BoardController  [0;39m [2m:[0;39m writeBoard - 호출
[2m2022-05-26 09:15:21.891[0;39m [32mDEBUG[0;39m [35m20000[0;39m [2m---[0;39m [2m[io-9999-exec-10][0;39m [36mc.ssafy.vue.controller.BoardController  [0;39m [2m:[0;39m token : eyJ0eXAiOiJKV1QiLCJyZWdEYXRlIjoxNjUzNTI0MDk0MjEyLCJhbGciOiJIUzI1NiJ9.eyJleHAiOjE2NTM1Mjc2OTQsInN1YiI6ImFjY2Vzcy10b2tlbiIsInVzZXJpZCI6InNzYWZ5In0.PVDdq5D3s3ZrESxwL2CNunINhJVi4kwHXvjthwSNjNU
[2m2022-05-26 09:15:21.892[0;39m [32mDEBUG[0;39m [35m20000[0;39m [2m---[0;39m [2m[io-9999-exec-10][0;39m [36mc.ssafy.vue.controller.BoardController  [0;39m [2m:[0;39m userid : ssafy
[2m2022-05-26 09:15:22.597[0;39m [32mDEBUG[0;39m [35m20000[0;39m [2m---[0;39m [2m[nio-9999-exec-1][0;39m [36mc.ssafy.vue.controller.BoardController  [0;39m [2m:[0;39m retrieveBoard - 호출
[2m2022-05-26 09:15:25.770[0;39m [32mDEBUG[0;39m [35m20000[0;39m [2m---[0;39m [2m[nio-9999-exec-2][0;39m [36mc.ssafy.vue.controller.MemberController [0;39m [2m:[0;39m 로그인 토큰정보 : eyJ0eXAiOiJKV1QiLCJyZWdEYXRlIjoxNjUzNTI0MTI1NzcwLCJhbGciOiJIUzI1NiJ9.eyJleHAiOjE2NTM1Mjc3MjUsInN1YiI6ImFjY2Vzcy10b2tlbiIsInVzZXJpZCI6InlvbmdqdW50ZWFjaGVyIn0.QYeRhiU8N3zL9bLszSKxXdNGjYQavoJk07xVvLnVWY8
[2m2022-05-26 09:15:25.777[0;39m [32m INFO[0;39m [35m20000[0;39m [2m---[0;39m [2m[nio-9999-exec-4][0;39m [36mc.ssafy.vue.controller.MemberController [0;39m [2m:[0;39m 사용 가능한 토큰!!!
[2m2022-05-26 09:15:47.997[0;39m [32mDEBUG[0;39m [35m20000[0;39m [2m---[0;39m [2m[nio-9999-exec-3][0;39m [36mc.ssafy.vue.controller.BoardController  [0;39m [2m:[0;39m retrieveBoard - 호출
[2m2022-05-26 09:15:55.077[0;39m [32mDEBUG[0;39m [35m20000[0;39m [2m---[0;39m [2m[nio-9999-exec-5][0;39m [36mc.ssafy.vue.controller.BoardController  [0;39m [2m:[0;39m detailBoard - 호출
[2m2022-05-26 09:16:01.040[0;39m [32mDEBUG[0;39m [35m20000[0;39m [2m---[0;39m [2m[nio-9999-exec-8][0;39m [36mc.ssafy.vue.controller.BoardController  [0;39m [2m:[0;39m likeBoard - 호출
[2m2022-05-26 09:16:01.040[0;39m [32mDEBUG[0;39m [35m20000[0;39m [2m---[0;39m [2m[nio-9999-exec-8][0;39m [36mc.ssafy.vue.controller.BoardController  [0;39m [2m:[0;39m token : eyJ0eXAiOiJKV1QiLCJyZWdEYXRlIjoxNjUzNTI0MTI1NzcwLCJhbGciOiJIUzI1NiJ9.eyJleHAiOjE2NTM1Mjc3MjUsInN1YiI6ImFjY2Vzcy10b2tlbiIsInVzZXJpZCI6InlvbmdqdW50ZWFjaGVyIn0.QYeRhiU8N3zL9bLszSKxXdNGjYQavoJk07xVvLnVWY8
[2m2022-05-26 09:16:01.040[0;39m [32mDEBUG[0;39m [35m20000[0;39m [2m---[0;39m [2m[nio-9999-exec-8][0;39m [36mc.ssafy.vue.controller.BoardController  [0;39m [2m:[0;39m userId : yongjunteacher
[2m2022-05-26 09:16:03.229[0;39m [32mDEBUG[0;39m [35m20000[0;39m [2m---[0;39m [2m[nio-9999-exec-9][0;39m [36mc.ssafy.vue.controller.BoardController  [0;39m [2m:[0;39m detailBoard - 호출
[2m2022-05-26 09:16:21.683[0;39m [32mDEBUG[0;39m [35m20000[0;39m [2m---[0;39m [2m[io-9999-exec-10][0;39m [36mc.ssafy.vue.controller.MemberController [0;39m [2m:[0;39m 로그인 토큰정보 : eyJ0eXAiOiJKV1QiLCJyZWdEYXRlIjoxNjUzNTI0MTgxNjgzLCJhbGciOiJIUzI1NiJ9.eyJleHAiOjE2NTM1Mjc3ODEsInN1YiI6ImFjY2Vzcy10b2tlbiIsInVzZXJpZCI6InNzYWZ5In0.ZAhK-FOjN18MvFdmBiwASd3iDl4p0rEZp7Frb046GPE
[2m2022-05-26 09:16:21.691[0;39m [32m INFO[0;39m [35m20000[0;39m [2m---[0;39m [2m[nio-9999-exec-1][0;39m [36mc.ssafy.vue.controller.MemberController [0;39m [2m:[0;39m 사용 가능한 토큰!!!
[2m2022-05-26 09:16:23.311[0;39m [32mDEBUG[0;39m [35m20000[0;39m [2m---[0;39m [2m[nio-9999-exec-2][0;39m [36mc.ssafy.vue.controller.BoardController  [0;39m [2m:[0;39m retrieveBoard - 호출
[2m2022-05-26 09:16:23.948[0;39m [32mDEBUG[0;39m [35m20000[0;39m [2m---[0;39m [2m[nio-9999-exec-4][0;39m [36mc.ssafy.vue.controller.BoardController  [0;39m [2m:[0;39m detailBoard - 호출
[2m2022-05-26 09:16:24.687[0;39m [32mDEBUG[0;39m [35m20000[0;39m [2m---[0;39m [2m[nio-9999-exec-3][0;39m [36mc.ssafy.vue.controller.BoardController  [0;39m [2m:[0;39m deleteBoard - 호출
[2m2022-05-26 09:16:24.687[0;39m [32mDEBUG[0;39m [35m20000[0;39m [2m---[0;39m [2m[nio-9999-exec-3][0;39m [36mc.ssafy.vue.controller.BoardController  [0;39m [2m:[0;39m token : eyJ0eXAiOiJKV1QiLCJyZWdEYXRlIjoxNjUzNTI0MTgxNjgzLCJhbGciOiJIUzI1NiJ9.eyJleHAiOjE2NTM1Mjc3ODEsInN1YiI6ImFjY2Vzcy10b2tlbiIsInVzZXJpZCI6InNzYWZ5In0.ZAhK-FOjN18MvFdmBiwASd3iDl4p0rEZp7Frb046GPE
[2m2022-05-26 09:16:24.687[0;39m [32mDEBUG[0;39m [35m20000[0;39m [2m---[0;39m [2m[nio-9999-exec-3][0;39m [36mc.ssafy.vue.controller.BoardController  [0;39m [2m:[0;39m userId : ssafy
[2m2022-05-26 09:16:24.699[0;39m [32mDEBUG[0;39m [35m20000[0;39m [2m---[0;39m [2m[nio-9999-exec-6][0;39m [36mc.ssafy.vue.controller.BoardController  [0;39m [2m:[0;39m retrieveBoard - 호출
[2m2022-05-26 09:16:59.587[0;39m [32mDEBUG[0;39m [35m20000[0;39m [2m---[0;39m [2m[nio-9999-exec-5][0;39m [36mc.ssafy.vue.controller.BoardController  [0;39m [2m:[0;39m writeBoard - 호출
[2m2022-05-26 09:16:59.587[0;39m [32mDEBUG[0;39m [35m20000[0;39m [2m---[0;39m [2m[nio-9999-exec-5][0;39m [36mc.ssafy.vue.controller.BoardController  [0;39m [2m:[0;39m token : eyJ0eXAiOiJKV1QiLCJyZWdEYXRlIjoxNjUzNTI0MTgxNjgzLCJhbGciOiJIUzI1NiJ9.eyJleHAiOjE2NTM1Mjc3ODEsInN1YiI6ImFjY2Vzcy10b2tlbiIsInVzZXJpZCI6InNzYWZ5In0.ZAhK-FOjN18MvFdmBiwASd3iDl4p0rEZp7Frb046GPE
[2m2022-05-26 09:16:59.588[0;39m [32mDEBUG[0;39m [35m20000[0;39m [2m---[0;39m [2m[nio-9999-exec-5][0;39m [36mc.ssafy.vue.controller.BoardController  [0;39m [2m:[0;39m userid : ssafy
[2m2022-05-26 09:17:00.603[0;39m [32mDEBUG[0;39m [35m20000[0;39m [2m---[0;39m [2m[nio-9999-exec-7][0;39m [36mc.ssafy.vue.controller.BoardController  [0;39m [2m:[0;39m retrieveBoard - 호출
[2m2022-05-26 09:17:03.751[0;39m [32mDEBUG[0;39m [35m20000[0;39m [2m---[0;39m [2m[nio-9999-exec-8][0;39m [36mc.ssafy.vue.controller.MemberController [0;39m [2m:[0;39m 로그인 토큰정보 : eyJ0eXAiOiJKV1QiLCJyZWdEYXRlIjoxNjUzNTI0MjIzNzUwLCJhbGciOiJIUzI1NiJ9.eyJleHAiOjE2NTM1Mjc4MjMsInN1YiI6ImFjY2Vzcy10b2tlbiIsInVzZXJpZCI6InlvbmdqdW50ZWFjaGVyIn0.E6JOUl6z46FIRUQOIRTg-DSxya-7Lb8SfkBmvcR3T2U
[2m2022-05-26 09:17:03.759[0;39m [32m INFO[0;39m [35m20000[0;39m [2m---[0;39m [2m[nio-9999-exec-9][0;39m [36mc.ssafy.vue.controller.MemberController [0;39m [2m:[0;39m 사용 가능한 토큰!!!
[2m2022-05-26 09:17:30.846[0;39m [32mDEBUG[0;39m [35m20000[0;39m [2m---[0;39m [2m[io-9999-exec-10][0;39m [36mc.ssafy.vue.controller.BoardController  [0;39m [2m:[0;39m retrieveBoard - 호출
[2m2022-05-26 09:17:35.625[0;39m [32mDEBUG[0;39m [35m20000[0;39m [2m---[0;39m [2m[nio-9999-exec-2][0;39m [36mc.ssafy.vue.controller.BoardController  [0;39m [2m:[0;39m detailBoard - 호출
[2m2022-05-26 09:17:42.426[0;39m [32mDEBUG[0;39m [35m20000[0;39m [2m---[0;39m [2m[nio-9999-exec-3][0;39m [36mc.ssafy.vue.controller.BoardController  [0;39m [2m:[0;39m likeBoard - 호출
[2m2022-05-26 09:17:42.426[0;39m [32mDEBUG[0;39m [35m20000[0;39m [2m---[0;39m [2m[nio-9999-exec-3][0;39m [36mc.ssafy.vue.controller.BoardController  [0;39m [2m:[0;39m token : eyJ0eXAiOiJKV1QiLCJyZWdEYXRlIjoxNjUzNTI0MjIzNzUwLCJhbGciOiJIUzI1NiJ9.eyJleHAiOjE2NTM1Mjc4MjMsInN1YiI6ImFjY2Vzcy10b2tlbiIsInVzZXJpZCI6InlvbmdqdW50ZWFjaGVyIn0.E6JOUl6z46FIRUQOIRTg-DSxya-7Lb8SfkBmvcR3T2U
[2m2022-05-26 09:17:42.427[0;39m [32mDEBUG[0;39m [35m20000[0;39m [2m---[0;39m [2m[nio-9999-exec-3][0;39m [36mc.ssafy.vue.controller.BoardController  [0;39m [2m:[0;39m userId : yongjunteacher
[2m2022-05-26 09:17:44.794[0;39m [32mDEBUG[0;39m [35m20000[0;39m [2m---[0;39m [2m[nio-9999-exec-6][0;39m [36mc.ssafy.vue.controller.BoardController  [0;39m [2m:[0;39m detailBoard - 호출
[2m2022-05-26 09:18:02.472[0;39m [32mDEBUG[0;39m [35m20000[0;39m [2m---[0;39m [2m[nio-9999-exec-5][0;39m [36mc.ssafy.vue.controller.BoardController  [0;39m [2m:[0;39m deleteBoard - 호출
[2m2022-05-26 09:18:02.472[0;39m [32mDEBUG[0;39m [35m20000[0;39m [2m---[0;39m [2m[nio-9999-exec-5][0;39m [36mc.ssafy.vue.controller.BoardController  [0;39m [2m:[0;39m token : eyJ0eXAiOiJKV1QiLCJyZWdEYXRlIjoxNjUzNTI0MjIzNzUwLCJhbGciOiJIUzI1NiJ9.eyJleHAiOjE2NTM1Mjc4MjMsInN1YiI6ImFjY2Vzcy10b2tlbiIsInVzZXJpZCI6InlvbmdqdW50ZWFjaGVyIn0.E6JOUl6z46FIRUQOIRTg-DSxya-7Lb8SfkBmvcR3T2U
[2m2022-05-26 09:18:02.473[0;39m [32mDEBUG[0;39m [35m20000[0;39m [2m---[0;39m [2m[nio-9999-exec-5][0;39m [36mc.ssafy.vue.controller.BoardController  [0;39m [2m:[0;39m userId : yongjunteacher
[2m2022-05-26 09:18:02.506[0;39m [32mDEBUG[0;39m [35m20000[0;39m [2m---[0;39m [2m[nio-9999-exec-7][0;39m [36mc.ssafy.vue.controller.BoardController  [0;39m [2m:[0;39m retrieveBoard - 호출
[2m2022-05-26 09:18:29.507[0;39m [32mDEBUG[0;39m [35m20000[0;39m [2m---[0;39m [2m[nio-9999-exec-8][0;39m [36mc.ssafy.vue.controller.BoardController  [0;39m [2m:[0;39m writeBoard - 호출
[2m2022-05-26 09:18:29.507[0;39m [32mDEBUG[0;39m [35m20000[0;39m [2m---[0;39m [2m[nio-9999-exec-8][0;39m [36mc.ssafy.vue.controller.BoardController  [0;39m [2m:[0;39m token : eyJ0eXAiOiJKV1QiLCJyZWdEYXRlIjoxNjUzNTI0MjIzNzUwLCJhbGciOiJIUzI1NiJ9.eyJleHAiOjE2NTM1Mjc4MjMsInN1YiI6ImFjY2Vzcy10b2tlbiIsInVzZXJpZCI6InlvbmdqdW50ZWFjaGVyIn0.E6JOUl6z46FIRUQOIRTg-DSxya-7Lb8SfkBmvcR3T2U
[2m2022-05-26 09:18:29.507[0;39m [32mDEBUG[0;39m [35m20000[0;39m [2m---[0;39m [2m[nio-9999-exec-8][0;39m [36mc.ssafy.vue.controller.BoardController  [0;39m [2m:[0;39m userid : yongjunteacher
[2m2022-05-26 09:18:31.164[0;39m [32mDEBUG[0;39m [35m20000[0;39m [2m---[0;39m [2m[nio-9999-exec-9][0;39m [36mc.ssafy.vue.controller.BoardController  [0;39m [2m:[0;39m retrieveBoard - 호출
[2m2022-05-26 09:18:34.418[0;39m [32mDEBUG[0;39m [35m20000[0;39m [2m---[0;39m [2m[nio-9999-exec-1][0;39m [36mc.ssafy.vue.controller.BoardController  [0;39m [2m:[0;39m detailBoard - 호출
[2m2022-05-26 09:18:44.805[0;39m [32mDEBUG[0;39m [35m20000[0;39m [2m---[0;39m [2m[nio-9999-exec-2][0;39m [36mc.ssafy.vue.controller.BoardController  [0;39m [2m:[0;39m deleteBoard - 호출
[2m2022-05-26 09:18:44.806[0;39m [32mDEBUG[0;39m [35m20000[0;39m [2m---[0;39m [2m[nio-9999-exec-2][0;39m [36mc.ssafy.vue.controller.BoardController  [0;39m [2m:[0;39m token : eyJ0eXAiOiJKV1QiLCJyZWdEYXRlIjoxNjUzNTI0MjIzNzUwLCJhbGciOiJIUzI1NiJ9.eyJleHAiOjE2NTM1Mjc4MjMsInN1YiI6ImFjY2Vzcy10b2tlbiIsInVzZXJpZCI6InlvbmdqdW50ZWFjaGVyIn0.E6JOUl6z46FIRUQOIRTg-DSxya-7Lb8SfkBmvcR3T2U
[2m2022-05-26 09:18:44.806[0;39m [32mDEBUG[0;39m [35m20000[0;39m [2m---[0;39m [2m[nio-9999-exec-2][0;39m [36mc.ssafy.vue.controller.BoardController  [0;39m [2m:[0;39m userId : yongjunteacher
[2m2022-05-26 09:18:44.828[0;39m [32mDEBUG[0;39m [35m20000[0;39m [2m---[0;39m [2m[nio-9999-exec-4][0;39m [36mc.ssafy.vue.controller.BoardController  [0;39m [2m:[0;39m retrieveBoard - 호출
[2m2022-05-26 10:21:24.011[0;39m [32m INFO[0;39m [35m20000[0;39m [2m---[0;39m [2m[on(2)-127.0.0.1][0;39m [36minMXBeanRegistrar$SpringApplicationAdmin[0;39m [2m:[0;39m Application shutdown requested.
[2m2022-05-26 10:31:41.877[0;39m [32m INFO[0;39m [35m21512[0;39m [2m---[0;39m [2m[  restartedMain][0;39m [36m.e.DevToolsPropertyDefaultsPostProcessor[0;39m [2m:[0;39m Devtools property defaults active! Set 'spring.devtools.add-properties' to 'false' to disable
[2m2022-05-26 10:31:41.878[0;39m [32m INFO[0;39m [35m21512[0;39m [2m---[0;39m [2m[  restartedMain][0;39m [36m.e.DevToolsPropertyDefaultsPostProcessor[0;39m [2m:[0;39m For additional web related logging consider setting the 'logging.level.web' property to 'DEBUG'
[2m2022-05-26 10:31:42.621[0;39m [32m INFO[0;39m [35m21512[0;39m [2m---[0;39m [2m[  restartedMain][0;39m [36mo.s.b.w.embedded.tomcat.TomcatWebServer [0;39m [2m:[0;39m Tomcat initialized with port(s): 9999 (http)
[2m2022-05-26 10:31:42.742[0;39m [32m INFO[0;39m [35m21512[0;39m [2m---[0;39m [2m[  restartedMain][0;39m [36mw.s.c.ServletWebServerApplicationContext[0;39m [2m:[0;39m Root WebApplicationContext: initialization completed in 864 ms
[2m2022-05-26 10:31:43.254[0;39m [32m INFO[0;39m [35m21512[0;39m [2m---[0;39m [2m[  restartedMain][0;39m [36mo.s.b.d.a.OptionalLiveReloadServer      [0;39m [2m:[0;39m LiveReload server is running on port 35729
[2m2022-05-26 10:31:43.367[0;39m [32m INFO[0;39m [35m21512[0;39m [2m---[0;39m [2m[  restartedMain][0;39m [36mo.s.b.w.embedded.tomcat.TomcatWebServer [0;39m [2m:[0;39m Tomcat started on port(s): 9999 (http) with context path '/vue'
[2m2022-05-26 10:33:55.924[0;39m [32m INFO[0;39m [35m21512[0;39m [2m---[0;39m [2m[nio-9999-exec-1][0;39m [36mo.s.web.servlet.DispatcherServlet       [0;39m [2m:[0;39m Initializing Servlet 'dispatcherServlet'
[2m2022-05-26 10:33:55.925[0;39m [32m INFO[0;39m [35m21512[0;39m [2m---[0;39m [2m[nio-9999-exec-1][0;39m [36mo.s.web.servlet.DispatcherServlet       [0;39m [2m:[0;39m Completed initialization in 1 ms
[2m2022-05-26 10:33:56.194[0;39m [32mDEBUG[0;39m [35m21512[0;39m [2m---[0;39m [2m[nio-9999-exec-1][0;39m [36mc.ssafy.vue.controller.MemberController [0;39m [2m:[0;39m 로그인 토큰정보 : eyJ0eXAiOiJKV1QiLCJyZWdEYXRlIjoxNjUzNTI4ODM2MTc0LCJhbGciOiJIUzI1NiJ9.eyJleHAiOjE2NTM1MzI0MzYsInN1YiI6ImFjY2Vzcy10b2tlbiIsInVzZXJpZCI6InlvbmdqdW50ZWFjaGVyIn0.GiTl6LOIgTZMvB4tfUpD_K6lR_BxnezMtpFTcbXRyE4
[2m2022-05-26 10:33:56.224[0;39m [32m INFO[0;39m [35m21512[0;39m [2m---[0;39m [2m[nio-9999-exec-2][0;39m [36mc.ssafy.vue.controller.MemberController [0;39m [2m:[0;39m 사용 가능한 토큰!!!
[2m2022-05-26 10:34:13.869[0;39m [32mDEBUG[0;39m [35m21512[0;39m [2m---[0;39m [2m[nio-9999-exec-4][0;39m [36mc.ssafy.vue.controller.MemberController [0;39m [2m:[0;39m 회원정보 수정 - 호출
[2m2022-05-26 10:34:28.415[0;39m [32mDEBUG[0;39m [35m21512[0;39m [2m---[0;39m [2m[nio-9999-exec-8][0;39m [36mc.ssafy.vue.controller.BoardController  [0;39m [2m:[0;39m retrieveBoard - 호출
[2m2022-05-26 10:34:39.223[0;39m [32mDEBUG[0;39m [35m21512[0;39m [2m---[0;39m [2m[nio-9999-exec-2][0;39m [36mc.ssafy.vue.controller.BoardController  [0;39m [2m:[0;39m retrieveBoard - 호출
[2m2022-05-26 10:34:43.609[0;39m [32mDEBUG[0;39m [35m21512[0;39m [2m---[0;39m [2m[nio-9999-exec-3][0;39m [36mc.ssafy.vue.controller.BoardController  [0;39m [2m:[0;39m detailBoard - 호출
[2m2022-05-26 10:34:46.847[0;39m [32mDEBUG[0;39m [35m21512[0;39m [2m---[0;39m [2m[nio-9999-exec-4][0;39m [36mc.ssafy.vue.controller.BoardController  [0;39m [2m:[0;39m likeBoard - 호출
[2m2022-05-26 10:34:46.847[0;39m [32mDEBUG[0;39m [35m21512[0;39m [2m---[0;39m [2m[nio-9999-exec-4][0;39m [36mc.ssafy.vue.controller.BoardController  [0;39m [2m:[0;39m token : eyJ0eXAiOiJKV1QiLCJyZWdEYXRlIjoxNjUzNTI4ODM2MTc0LCJhbGciOiJIUzI1NiJ9.eyJleHAiOjE2NTM1MzI0MzYsInN1YiI6ImFjY2Vzcy10b2tlbiIsInVzZXJpZCI6InlvbmdqdW50ZWFjaGVyIn0.GiTl6LOIgTZMvB4tfUpD_K6lR_BxnezMtpFTcbXRyE4
[2m2022-05-26 10:34:46.848[0;39m [32mDEBUG[0;39m [35m21512[0;39m [2m---[0;39m [2m[nio-9999-exec-4][0;39m [36mc.ssafy.vue.controller.BoardController  [0;39m [2m:[0;39m userId : yongjunteacher
[2m2022-05-26 10:34:53.041[0;39m [32mDEBUG[0;39m [35m21512[0;39m [2m---[0;39m [2m[nio-9999-exec-5][0;39m [36mc.ssafy.vue.controller.MemberController [0;39m [2m:[0;39m 로그인 토큰정보 : eyJ0eXAiOiJKV1QiLCJyZWdEYXRlIjoxNjUzNTI4ODkzMDQxLCJhbGciOiJIUzI1NiJ9.eyJleHAiOjE2NTM1MzI0OTMsInN1YiI6ImFjY2Vzcy10b2tlbiIsInVzZXJpZCI6ImhvbmcifQ.LgaDELWqsjxGMlnXV2NoAN6mUEb9cT4SlvQdVUJvdaY
[2m2022-05-26 10:34:53.052[0;39m [32m INFO[0;39m [35m21512[0;39m [2m---[0;39m [2m[nio-9999-exec-7][0;39m [36mc.ssafy.vue.controller.MemberController [0;39m [2m:[0;39m 사용 가능한 토큰!!!
[2m2022-05-26 10:34:55.684[0;39m [32mDEBUG[0;39m [35m21512[0;39m [2m---[0;39m [2m[nio-9999-exec-8][0;39m [36mc.ssafy.vue.controller.BoardController  [0;39m [2m:[0;39m retrieveBoard - 호출
[2m2022-05-26 10:34:56.581[0;39m [32mDEBUG[0;39m [35m21512[0;39m [2m---[0;39m [2m[nio-9999-exec-9][0;39m [36mc.ssafy.vue.controller.BoardController  [0;39m [2m:[0;39m detailBoard - 호출
[2m2022-05-26 10:34:58.912[0;39m [32mDEBUG[0;39m [35m21512[0;39m [2m---[0;39m [2m[io-9999-exec-10][0;39m [36mc.ssafy.vue.controller.BoardController  [0;39m [2m:[0;39m likeBoard - 호출
[2m2022-05-26 10:34:58.913[0;39m [32mDEBUG[0;39m [35m21512[0;39m [2m---[0;39m [2m[io-9999-exec-10][0;39m [36mc.ssafy.vue.controller.BoardController  [0;39m [2m:[0;39m token : eyJ0eXAiOiJKV1QiLCJyZWdEYXRlIjoxNjUzNTI4ODkzMDQxLCJhbGciOiJIUzI1NiJ9.eyJleHAiOjE2NTM1MzI0OTMsInN1YiI6ImFjY2Vzcy10b2tlbiIsInVzZXJpZCI6ImhvbmcifQ.LgaDELWqsjxGMlnXV2NoAN6mUEb9cT4SlvQdVUJvdaY
[2m2022-05-26 10:34:58.913[0;39m [32mDEBUG[0;39m [35m21512[0;39m [2m---[0;39m [2m[io-9999-exec-10][0;39m [36mc.ssafy.vue.controller.BoardController  [0;39m [2m:[0;39m userId : hong
[2m2022-05-26 10:35:00.351[0;39m [32mDEBUG[0;39m [35m21512[0;39m [2m---[0;39m [2m[nio-9999-exec-1][0;39m [36mc.ssafy.vue.controller.BoardController  [0;39m [2m:[0;39m likeBoard - 호출
[2m2022-05-26 10:35:00.351[0;39m [32mDEBUG[0;39m [35m21512[0;39m [2m---[0;39m [2m[nio-9999-exec-1][0;39m [36mc.ssafy.vue.controller.BoardController  [0;39m [2m:[0;39m token : eyJ0eXAiOiJKV1QiLCJyZWdEYXRlIjoxNjUzNTI4ODkzMDQxLCJhbGciOiJIUzI1NiJ9.eyJleHAiOjE2NTM1MzI0OTMsInN1YiI6ImFjY2Vzcy10b2tlbiIsInVzZXJpZCI6ImhvbmcifQ.LgaDELWqsjxGMlnXV2NoAN6mUEb9cT4SlvQdVUJvdaY
[2m2022-05-26 10:35:00.352[0;39m [32mDEBUG[0;39m [35m21512[0;39m [2m---[0;39m [2m[nio-9999-exec-1][0;39m [36mc.ssafy.vue.controller.BoardController  [0;39m [2m:[0;39m userId : hong
[2m2022-05-26 10:35:02.166[0;39m [32mDEBUG[0;39m [35m21512[0;39m [2m---[0;39m [2m[nio-9999-exec-2][0;39m [36mc.ssafy.vue.controller.BoardController  [0;39m [2m:[0;39m detailBoard - 호출
[2m2022-05-26 10:35:06.346[0;39m [32mDEBUG[0;39m [35m21512[0;39m [2m---[0;39m [2m[nio-9999-exec-3][0;39m [36mc.ssafy.vue.controller.BoardController  [0;39m [2m:[0;39m likeBoard - 호출
[2m2022-05-26 10:35:06.346[0;39m [32mDEBUG[0;39m [35m21512[0;39m [2m---[0;39m [2m[nio-9999-exec-3][0;39m [36mc.ssafy.vue.controller.BoardController  [0;39m [2m:[0;39m token : eyJ0eXAiOiJKV1QiLCJyZWdEYXRlIjoxNjUzNTI4ODkzMDQxLCJhbGciOiJIUzI1NiJ9.eyJleHAiOjE2NTM1MzI0OTMsInN1YiI6ImFjY2Vzcy10b2tlbiIsInVzZXJpZCI6ImhvbmcifQ.LgaDELWqsjxGMlnXV2NoAN6mUEb9cT4SlvQdVUJvdaY
[2m2022-05-26 10:35:06.347[0;39m [32mDEBUG[0;39m [35m21512[0;39m [2m---[0;39m [2m[nio-9999-exec-3][0;39m [36mc.ssafy.vue.controller.BoardController  [0;39m [2m:[0;39m userId : hong
[2m2022-05-26 10:35:39.362[0;39m [32mDEBUG[0;39m [35m21512[0;39m [2m---[0;39m [2m[nio-9999-exec-5][0;39m [36mc.ssafy.vue.controller.BoardController  [0;39m [2m:[0;39m deleteBoard - 호출
[2m2022-05-26 10:35:39.362[0;39m [32mDEBUG[0;39m [35m21512[0;39m [2m---[0;39m [2m[nio-9999-exec-5][0;39m [36mc.ssafy.vue.controller.BoardController  [0;39m [2m:[0;39m token : eyJ0eXAiOiJKV1QiLCJyZWdEYXRlIjoxNjUzNTI4ODkzMDQxLCJhbGciOiJIUzI1NiJ9.eyJleHAiOjE2NTM1MzI0OTMsInN1YiI6ImFjY2Vzcy10b2tlbiIsInVzZXJpZCI6ImhvbmcifQ.LgaDELWqsjxGMlnXV2NoAN6mUEb9cT4SlvQdVUJvdaY
[2m2022-05-26 10:35:39.363[0;39m [32mDEBUG[0;39m [35m21512[0;39m [2m---[0;39m [2m[nio-9999-exec-5][0;39m [36mc.ssafy.vue.controller.BoardController  [0;39m [2m:[0;39m userId : hong
[2m2022-05-26 10:35:39.402[0;39m [32mDEBUG[0;39m [35m21512[0;39m [2m---[0;39m [2m[nio-9999-exec-6][0;39m [36mc.ssafy.vue.controller.BoardController  [0;39m [2m:[0;39m retrieveBoard - 호출
[2m2022-05-26 10:35:43.447[0;39m [32mDEBUG[0;39m [35m21512[0;39m [2m---[0;39m [2m[nio-9999-exec-8][0;39m [36mc.ssafy.vue.controller.BoardController  [0;39m [2m:[0;39m detailBoard - 호출
[2m2022-05-26 10:35:46.238[0;39m [32mDEBUG[0;39m [35m21512[0;39m [2m---[0;39m [2m[nio-9999-exec-9][0;39m [36mc.ssafy.vue.controller.BoardController  [0;39m [2m:[0;39m deleteBoard - 호출
[2m2022-05-26 10:35:46.238[0;39m [32mDEBUG[0;39m [35m21512[0;39m [2m---[0;39m [2m[nio-9999-exec-9][0;39m [36mc.ssafy.vue.controller.BoardController  [0;39m [2m:[0;39m token : eyJ0eXAiOiJKV1QiLCJyZWdEYXRlIjoxNjUzNTI4ODkzMDQxLCJhbGciOiJIUzI1NiJ9.eyJleHAiOjE2NTM1MzI0OTMsInN1YiI6ImFjY2Vzcy10b2tlbiIsInVzZXJpZCI6ImhvbmcifQ.LgaDELWqsjxGMlnXV2NoAN6mUEb9cT4SlvQdVUJvdaY
[2m2022-05-26 10:35:46.239[0;39m [32mDEBUG[0;39m [35m21512[0;39m [2m---[0;39m [2m[nio-9999-exec-9][0;39m [36mc.ssafy.vue.controller.BoardController  [0;39m [2m:[0;39m userId : hong
[2m2022-05-26 10:35:46.254[0;39m [32mDEBUG[0;39m [35m21512[0;39m [2m---[0;39m [2m[io-9999-exec-10][0;39m [36mc.ssafy.vue.controller.BoardController  [0;39m [2m:[0;39m retrieveBoard - 호출
[2m2022-05-26 10:35:50.528[0;39m [32mDEBUG[0;39m [35m21512[0;39m [2m---[0;39m [2m[nio-9999-exec-1][0;39m [36mc.ssafy.vue.controller.BoardController  [0;39m [2m:[0;39m selectQNA - 호출
[2m2022-05-26 10:35:57.624[0;39m [32mDEBUG[0;39m [35m21512[0;39m [2m---[0;39m [2m[nio-9999-exec-2][0;39m [36mc.ssafy.vue.controller.BoardController  [0;39m [2m:[0;39m selectQNAbyNo - 호출
[2m2022-05-26 10:35:58.815[0;39m [32mDEBUG[0;39m [35m21512[0;39m [2m---[0;39m [2m[nio-9999-exec-3][0;39m [36mc.ssafy.vue.controller.BoardController  [0;39m [2m:[0;39m selectQNA - 호출
[2m2022-05-26 10:36:01.898[0;39m [32mDEBUG[0;39m [35m21512[0;39m [2m---[0;39m [2m[nio-9999-exec-4][0;39m [36mc.ssafy.vue.controller.BoardController  [0;39m [2m:[0;39m retrieveBoard - 호출
[2m2022-05-26 10:36:14.277[0;39m [32mDEBUG[0;39m [35m21512[0;39m [2m---[0;39m [2m[nio-9999-exec-5][0;39m [36mc.ssafy.vue.controller.BoardController  [0;39m [2m:[0;39m retrieveBoard - 호출
[2m2022-05-26 10:36:29.206[0;39m [32mDEBUG[0;39m [35m21512[0;39m [2m---[0;39m [2m[nio-9999-exec-6][0;39m [36mc.ssafy.vue.controller.BoardController  [0;39m [2m:[0;39m selectQNA - 호출
[2m2022-05-26 10:36:59.650[0;39m [32mDEBUG[0;39m [35m21512[0;39m [2m---[0;39m [2m[nio-9999-exec-7][0;39m [36mc.ssafy.vue.controller.MemberController [0;39m [2m:[0;39m 로그인 토큰정보 : eyJ0eXAiOiJKV1QiLCJyZWdEYXRlIjoxNjUzNTI5MDE5NjQ5LCJhbGciOiJIUzI1NiJ9.eyJleHAiOjE2NTM1MzI2MTksInN1YiI6ImFjY2Vzcy10b2tlbiIsInVzZXJpZCI6InNzYWZ5In0.fw75gkym-ICK3tlMxKguveCVKrMH8sateYTbkP5N8l0
[2m2022-05-26 10:36:59.657[0;39m [32m INFO[0;39m [35m21512[0;39m [2m---[0;39m [2m[nio-9999-exec-8][0;39m [36mc.ssafy.vue.controller.MemberController [0;39m [2m:[0;39m 사용 가능한 토큰!!!
[2m2022-05-26 10:45:25.947[0;39m [32m INFO[0;39m [35m21512[0;39m [2m---[0;39m [2m[on(2)-127.0.0.1][0;39m [36minMXBeanRegistrar$SpringApplicationAdmin[0;39m [2m:[0;39m Application shutdown requested.
